SF:lib/src/orbit_container.dart
DA:17,0
DA:19,3
DA:23,1
DA:27,1
DA:28,0
DA:29,0
DA:30,0
DA:31,0
DA:32,0
DA:33,0
DA:34,0
DA:35,0
DA:36,0
DA:39,0
DA:55,1
DA:58,3
DA:59,3
DA:61,3
DA:67,3
DA:80,1
DA:81,2
DA:82,3
DA:86,3
DA:88,1
DA:89,1
DA:90,2
DA:91,5
DA:92,3
DA:95,2
DA:96,2
DA:97,1
DA:98,1
DA:102,2
DA:105,3
DA:107,1
DA:109,2
DA:113,1
DA:124,1
DA:125,1
DA:126,2
DA:128,1
DA:129,2
DA:131,1
DA:135,2
DA:136,1
DA:145,3
DA:154,1
DA:155,3
DA:156,2
DA:158,1
DA:160,0
DA:161,0
DA:169,1
DA:170,2
DA:171,1
DA:176,1
DA:177,3
DA:178,2
DA:179,2
DA:180,2
DA:181,1
LF:61
LH:48
end_of_record
SF:lib/src/orbit_scope.dart
DA:32,1
DA:42,1
DA:48,1
DA:49,1
DA:52,1
DA:53,2
DA:65,1
DA:69,1
DA:71,2
DA:81,1
DA:82,1
DA:88,1
DA:90,1
DA:91,4
DA:93,2
DA:95,2
DA:100,1
DA:102,2
DA:103,1
DA:106,1
DA:108,4
DA:113,1
DA:114,1
DA:124,1
DA:129,1
DA:131,2
DA:133,1
LF:27
LH:27
end_of_record
SF:lib/src/orbit_async.dart
DA:5,1
DA:39,1
DA:44,1
DA:50,2
DA:52,1
DA:53,1
DA:55,1
DA:58,1
DA:61,1
DA:64,1
DA:67,0
DA:68,0
DA:69,0
DA:71,1
DA:72,2
DA:74,1
DA:75,2
DA:80,1
DA:82,1
DA:88,1
DA:90,1
DA:93,1
DA:96,1
DA:99,1
DA:102,1
DA:103,1
DA:105,1
DA:106,2
DA:108,1
DA:114,1
DA:122,1
DA:128,3
DA:130,1
DA:133,1
DA:136,1
DA:139,1
DA:142,1
DA:145,1
DA:146,3
DA:147,3
DA:148,3
DA:150,1
DA:151,3
DA:153,1
DA:154,2
DA:160,1
DA:167,2
DA:169,1
DA:171,1
DA:175,1
DA:176,1
DA:177,2
DA:178,2
DA:179,1
DA:182,2
DA:183,3
DA:184,2
DA:185,2
DA:188,3
DA:189,2
DA:190,2
DA:196,1
DA:198,1
DA:199,2
DA:207,1
DA:214,2
DA:216,1
DA:218,1
DA:221,1
DA:222,2
DA:224,4
DA:225,1
DA:226,1
DA:227,2
DA:228,2
DA:231,1
DA:232,1
DA:233,2
DA:234,2
DA:239,1
DA:240,2
DA:241,2
DA:247,1
DA:248,1
DA:249,2
DA:250,1
DA:252,1
DA:255,1
DA:257,2
DA:258,1
DA:261,1
DA:263,1
DA:264,2
DA:277,1
DA:281,1
DA:283,1
DA:284,2
DA:296,1
DA:302,1
DA:303,1
DA:304,1
DA:306,1
DA:309,1
DA:310,3
DA:311,1
DA:320,1
DA:322,2
DA:325,1
DA:327,2
DA:328,1
DA:333,2
DA:335,3
DA:336,1
DA:337,1
DA:339,2
DA:340,2
DA:341,1
DA:344,2
DA:345,1
DA:346,1
DA:347,4
DA:356,1
DA:357,1
DA:358,2
DA:359,2
DA:360,1
DA:365,1
DA:367,3
DA:368,1
DA:370,2
DA:371,1
DA:374,1
DA:376,1
DA:377,1
LF:134
LH:131
end_of_record
SF:lib/src/orbit_selector.dart
DA:28,1
DA:44,1
DA:45,1
DA:53,1
DA:55,1
DA:56,1
DA:59,1
DA:61,1
DA:62,1
DA:65,1
DA:66,4
DA:67,2
DA:68,1
DA:69,1
DA:70,4
DA:71,2
DA:73,3
DA:74,4
DA:76,1
DA:81,1
DA:82,1
DA:84,3
DA:85,4
DA:86,1
DA:87,3
DA:89,0
DA:90,0
DA:91,0
DA:93,0
DA:95,0
DA:100,3
DA:105,1
DA:107,3
DA:108,1
DA:111,1
DA:112,4
LF:36
LH:31
end_of_record
SF:lib/src/orbit_store.dart
DA:47,1
DA:67,3
DA:72,4
DA:74,1
DA:76,1
DA:77,2
DA:78,1
DA:81,1
DA:83,1
DA:84,4
DA:85,1
DA:88,1
DA:90,1
DA:91,1
DA:94,3
DA:95,3
DA:96,3
DA:97,2
DA:98,1
DA:99,3
DA:101,1
DA:104,2
DA:107,3
DA:108,1
DA:109,2
DA:110,1
DA:111,1
DA:113,3
DA:114,1
DA:115,2
DA:116,2
DA:117,2
DA:118,2
DA:120,1
DA:121,2
DA:125,2
DA:126,2
DA:127,1
DA:128,1
DA:129,1
DA:130,1
DA:131,1
DA:140,1
DA:142,1
DA:153,1
DA:155,2
DA:156,1
DA:157,1
DA:159,1
DA:160,2
DA:162,1
DA:164,1
DA:167,1
DA:168,1
DA:170,1
DA:176,0
DA:189,1
DA:194,1
DA:195,1
DA:196,1
DA:198,1
DA:199,2
DA:201,1
DA:203,1
DA:206,1
DA:207,1
DA:209,1
DA:215,0
DA:226,0
DA:245,0
DA:252,1
DA:261,0
DA:263,1
DA:264,1
DA:265,1
DA:266,1
DA:269,1
DA:271,1
DA:272,1
DA:273,2
DA:276,1
DA:277,1
DA:278,3
DA:279,1
DA:280,1
DA:281,1
DA:282,2
DA:286,2
DA:290,1
DA:292,1
DA:293,2
DA:294,1
DA:302,1
DA:303,1
DA:306,2
DA:308,1
DA:313,1
DA:317,1
DA:318,2
DA:319,1
DA:320,4
DA:327,1
DA:332,1
DA:333,3
DA:334,4
DA:335,2
DA:336,1
DA:338,1
DA:340,2
DA:345,3
DA:355,1
DA:360,1
DA:361,2
DA:365,1
DA:366,1
DA:367,2
DA:368,2
DA:372,1
DA:373,2
DA:378,2
DA:383,3
DA:387,4
DA:388,2
DA:392,1
DA:394,1
DA:395,1
DA:396,1
DA:397,1
DA:398,3
DA:399,1
DA:401,2
DA:402,2
DA:404,1
DA:407,2
DA:408,1
DA:413,1
DA:416,0
DA:418,0
DA:419,0
LF:139
LH:131
end_of_record
SF:lib/src/orbit_builder.dart
DA:24,1
DA:40,1
DA:42,2
DA:43,1
DA:45,3
DA:46,1
LF:6
LH:6
end_of_record
SF:lib/src/orbit_define.dart
DA:15,1
DA:20,3
DA:23,1
DA:29,1
DA:31,1
DA:38,1
DA:44,1
DA:46,1
DA:58,1
DA:61,1
DA:62,1
DA:66,1
DA:68,2
DA:71,2
DA:92,1
DA:93,1
LF:16
LH:16
end_of_record
SF:lib/src/orbit_mutation.dart
DA:7,1
DA:46,2
DA:48,1
DA:49,2
DA:50,1
DA:51,5
DA:52,2
DA:53,2
DA:54,2
DA:55,2
DA:57,1
DA:60,1
DA:62,1
DA:63,0
DA:64,4
DA:65,2
DA:66,2
DA:67,1
DA:68,2
DA:70,9
DA:72,1
DA:73,4
DA:74,1
LF:23
LH:22
end_of_record
SF:lib/src/orbit_context.dart
DA:7,1
DA:9,1
DA:11,1
DA:17,1
DA:19,1
DA:22,0
DA:24,0
DA:26,0
LF:8
LH:5
end_of_record
